# JRE version: OpenJDK Runtime Environment Temurin-21.0.10+7 (21.0.10+7) (build 21.0.10+7-LTS)
# Java VM: OpenJDK 64-Bit Server VM Temurin-21.0.10+7 (21.0.10+7-LTS, mixed mode, sharing, tiered, compressed oops, compressed class ptrs, parallel gc, windows-amd64)
GC Precious Log:
 CardTable entry size: 512
 CPUs: 8 total, 8 available
 Memory: 5877M
 Large Page Support: Disabled
 NUMA Support: Disabled
 Compressed Oops: Enabled (32-bit)
 Alignments: Space 512K, Generation 512K, Heap 2M
 Heap Min Capacity: 100M
 Heap Initial Capacity: 100M
 Heap Max Capacity: 2G
 Pre-touch: Disabled
 Parallel Workers: 8
Heap:
 PSYoungGen      total 5120K, used 2038K [0x00000000d5580000, 0x00000000d5b80000, 0x0000000100000000)
  eden space 4096K, 36% used [0x00000000d5580000,0x00000000d56f1898,0x00000000d5980000)
  from space 1024K, 54% used [0x00000000d5a80000,0x00000000d5b0c2d0,0x00000000d5b80000)
  to   space 1024K, 0% used [0x00000000d5980000,0x00000000d5980000,0x00000000d5a80000)
 ParOldGen       total 1177088K, used 1176861K [0x0000000080000000, 0x00000000c7d80000, 0x00000000d5580000)
  object space 1177088K, 99% used [0x0000000080000000,0x00000000c7d47430,0x00000000c7d80000)
 Metaspace       used 79444K, committed 81024K, reserved 1179648K
  class space    used 8043K, committed 8832K, reserved 1048576K
GC Heap History (20 events):
Event: 16187.102 GC heap before
{Heap before GC invocations=1873 (full 4):
 PSYoungGen      total 2048K, used 1568K [0x00000000d5580000, 0x00000000d5980000, 0x0000000100000000)
  eden space 1024K, 100% used [0x00000000d5580000,0x00000000d5680000,0x00000000d5680000)
  from space 1024K, 53% used [0x00000000d5880000,0x00000000d5908020,0x00000000d5980000)
  to   space 1024K, 0% used [0x00000000d5680000,0x00000000d5680000,0x00000000d5780000)
 ParOldGen       total 1172480K, used 1172176K [0x0000000080000000, 0x00000000c7900000, 0x00000000d5580000)
  object space 1172480K, 99% used [0x0000000080000000,0x00000000c78b43c0,0x00000000c7900000)
 Metaspace       used 79437K, committed 81024K, reserved 1179648K
  class space    used 8043K, committed 8832K, reserved 1048576K
}
Event: 16187.106 GC heap after
{Heap after GC invocations=1873 (full 4):
 PSYoungGen      total 2048K, used 608K [0x00000000d5580000, 0x00000000d5900000, 0x0000000100000000)
  eden space 1024K, 0% used [0x00000000d5580000,0x00000000d5580000,0x00000000d5680000)
  from space 1024K, 59% used [0x00000000d5680000,0x00000000d5718020,0x00000000d5780000)
  to   space 1024K, 0% used [0x00000000d5800000,0x00000000d5800000,0x00000000d5900000)
 ParOldGen       total 1172992K, used 1172480K [0x0000000080000000, 0x00000000c7980000, 0x00000000d5580000)
  object space 1172992K, 99% used [0x0000000080000000,0x00000000c79003c0,0x00000000c7980000)
 Metaspace       used 79437K, committed 81024K, reserved 1179648K
  class space    used 8043K, committed 8832K, reserved 1048576K
}
Event: 16187.108 GC heap before
{Heap before GC invocations=1874 (full 4):
 PSYoungGen      total 2048K, used 1632K [0x00000000d5580000, 0x00000000d5900000, 0x0000000100000000)
  eden space 1024K, 100% used [0x00000000d5580000,0x00000000d5680000,0x00000000d5680000)
  from space 1024K, 59% used [0x00000000d5680000,0x00000000d5718020,0x00000000d5780000)
  to   space 1024K, 0% used [0x00000000d5800000,0x00000000d5800000,0x00000000d5900000)
 ParOldGen       total 1172992K, used 1172480K [0x0000000080000000, 0x00000000c7980000, 0x00000000d5580000)
  object space 1172992K, 99% used [0x0000000080000000,0x00000000c79003c0,0x00000000c7980000)
 Metaspace       used 79437K, committed 81024K, reserved 1179648K
  class space    used 8043K, committed 8832K, reserved 1048576K
}
Event: 16187.112 GC heap after
{Heap after GC invocations=1874 (full 4):
 PSYoungGen      total 2560K, used 608K [0x00000000d5580000, 0x00000000d5900000, 0x0000000100000000)
  eden space 1536K, 0% used [0x00000000d5580000,0x00000000d5580000,0x00000000d5700000)
  from space 1024K, 59% used [0x00000000d5800000,0x00000000d5898000,0x00000000d5900000)
  to   space 1024K, 0% used [0x00000000d5700000,0x00000000d5700000,0x00000000d5800000)
 ParOldGen       total 1172992K, used 1172912K [0x0000000080000000, 0x00000000c7980000, 0x00000000d5580000)
  object space 1172992K, 99% used [0x0000000080000000,0x00000000c796c3e0,0x00000000c7980000)
 Metaspace       used 79437K, committed 81024K, reserved 1179648K
  class space    used 8043K, committed 8832K, reserved 1048576K
}
Event: 16187.138 GC heap before
{Heap before GC invocations=1875 (full 4):
 PSYoungGen      total 2560K, used 2143K [0x00000000d5580000, 0x00000000d5900000, 0x0000000100000000)
  eden space 1536K, 99% used [0x00000000d5580000,0x00000000d56ffff8,0x00000000d5700000)
  from space 1024K, 59% used [0x00000000d5800000,0x00000000d5898000,0x00000000d5900000)
  to   space 1024K, 0% used [0x00000000d5700000,0x00000000d5700000,0x00000000d5800000)
 ParOldGen       total 1172992K, used 1172912K [0x0000000080000000, 0x00000000c7980000, 0x00000000d5580000)
  object space 1172992K, 99% used [0x0000000080000000,0x00000000c796c3e0,0x00000000c7980000)
 Metaspace       used 79437K, committed 81024K, reserved 1179648K
  class space    used 8043K, committed 8832K, reserved 1048576K
}
Event: 16187.146 GC heap after
{Heap after GC invocations=1875 (full 4):
 PSYoungGen      total 2560K, used 544K [0x00000000d5580000, 0x00000000d5980000, 0x0000000100000000)
  eden space 1536K, 0% used [0x00000000d5580000,0x00000000d5580000,0x00000000d5700000)
  from space 1024K, 53% used [0x00000000d5700000,0x00000000d5788000,0x00000000d5800000)
  to   space 1024K, 0% used [0x00000000d5880000,0x00000000d5880000,0x00000000d5980000)
 ParOldGen       total 1173504K, used 1173376K [0x0000000080000000, 0x00000000c7a00000, 0x00000000d5580000)
  object space 1173504K, 99% used [0x0000000080000000,0x00000000c79e03e0,0x00000000c7a00000)
 Metaspace       used 79437K, committed 81024K, reserved 1179648K
  class space    used 8043K, committed 8832K, reserved 1048576K
}
Event: 16187.160 GC heap before
{Heap before GC invocations=1876 (full 4):
 PSYoungGen      total 2560K, used 2079K [0x00000000d5580000, 0x00000000d5980000, 0x0000000100000000)
  eden space 1536K, 99% used [0x00000000d5580000,0x00000000d56fffe8,0x00000000d5700000)
  from space 1024K, 53% used [0x00000000d5700000,0x00000000d5788000,0x00000000d5800000)
  to   space 1024K, 0% used [0x00000000d5880000,0x00000000d5880000,0x00000000d5980000)
 ParOldGen       total 1173504K, used 1173376K [0x0000000080000000, 0x00000000c7a00000, 0x00000000d5580000)
  object space 1173504K, 99% used [0x0000000080000000,0x00000000c79e03e0,0x00000000c7a00000)
 Metaspace       used 79437K, committed 81024K, reserved 1179648K
  class space    used 8043K, committed 8832K, reserved 1048576K
}
Event: 16187.164 GC heap after
{Heap after GC invocations=1876 (full 4):
 PSYoungGen      total 3072K, used 576K [0x00000000d5580000, 0x00000000d5980000, 0x0000000100000000)
  eden space 2048K, 0% used [0x00000000d5580000,0x00000000d5580000,0x00000000d5780000)
  from space 1024K, 56% used [0x00000000d5880000,0x00000000d5910000,0x00000000d5980000)
  to   space 1024K, 0% used [0x00000000d5780000,0x00000000d5780000,0x00000000d5880000)
 ParOldGen       total 1174016K, used 1173860K [0x0000000080000000, 0x00000000c7a80000, 0x00000000d5580000)
  object space 1174016K, 99% used [0x0000000080000000,0x00000000c7a593f0,0x00000000c7a80000)
 Metaspace       used 79437K, committed 81024K, reserved 1179648K
  class space    used 8043K, committed 8832K, reserved 1048576K
}
Event: 16187.178 GC heap before
{Heap before GC invocations=1877 (full 4):
 PSYoungGen      total 3072K, used 2624K [0x00000000d5580000, 0x00000000d5980000, 0x0000000100000000)
  eden space 2048K, 100% used [0x00000000d5580000,0x00000000d5780000,0x00000000d5780000)
  from space 1024K, 56% used [0x00000000d5880000,0x00000000d5910000,0x00000000d5980000)
  to   space 1024K, 0% used [0x00000000d5780000,0x00000000d5780000,0x00000000d5880000)
 ParOldGen       total 1174016K, used 1173860K [0x0000000080000000, 0x00000000c7a80000, 0x00000000d5580000)
  object space 1174016K, 99% used [0x0000000080000000,0x00000000c7a593f0,0x00000000c7a80000)
 Metaspace       used 79437K, committed 81024K, reserved 1179648K
  class space    used 8043K, committed 8832K, reserved 1048576K
}
Event: 16187.182 GC heap after
{Heap after GC invocations=1877 (full 4):
 PSYoungGen      total 3072K, used 608K [0x00000000d5580000, 0x00000000d5a00000, 0x0000000100000000)
  eden space 2048K, 0% used [0x00000000d5580000,0x00000000d5580000,0x00000000d5780000)
  from space 1024K, 59% used [0x00000000d5780000,0x00000000d5818000,0x00000000d5880000)
  to   space 1024K, 0% used [0x00000000d5900000,0x00000000d5900000,0x00000000d5a00000)
 ParOldGen       total 1174528K, used 1174348K [0x0000000080000000, 0x00000000c7b00000, 0x00000000d5580000)
  object space 1174528K, 99% used [0x0000000080000000,0x00000000c7ad33f0,0x00000000c7b00000)
 Metaspace       used 79437K, committed 81024K, reserved 1179648K
  class space    used 8043K, committed 8832K, reserved 1048576K
}
Event: 16187.193 GC heap before
{Heap before GC invocations=1878 (full 4):
 PSYoungGen      total 3072K, used 2656K [0x00000000d5580000, 0x00000000d5a00000, 0x0000000100000000)
  eden space 2048K, 100% used [0x00000000d5580000,0x00000000d5780000,0x00000000d5780000)
  from space 1024K, 59% used [0x00000000d5780000,0x00000000d5818000,0x00000000d5880000)
  to   space 1024K, 0% used [0x00000000d5900000,0x00000000d5900000,0x00000000d5a00000)
 ParOldGen       total 1174528K, used 1174348K [0x0000000080000000, 0x00000000c7b00000, 0x00000000d5580000)
  object space 1174528K, 99% used [0x0000000080000000,0x00000000c7ad33f0,0x00000000c7b00000)
 Metaspace       used 79437K, committed 81024K, reserved 1179648K
  class space    used 8043K, committed 8832K, reserved 1048576K
}
Event: 16187.199 GC heap after
{Heap after GC invocations=1878 (full 4):
 PSYoungGen      total 3584K, used 704K [0x00000000d5580000, 0x00000000d5a00000, 0x0000000100000000)
  eden space 2560K, 0% used [0x00000000d5580000,0x00000000d5580000,0x00000000d5800000)
  from space 1024K, 68% used [0x00000000d5900000,0x00000000d59b0000,0x00000000d5a00000)
  to   space 1024K, 0% used [0x00000000d5800000,0x00000000d5800000,0x00000000d5900000)
 ParOldGen       total 1175040K, used 1174877K [0x0000000080000000, 0x00000000c7b80000, 0x00000000d5580000)
  object space 1175040K, 99% used [0x0000000080000000,0x00000000c7b57400,0x00000000c7b80000)
 Metaspace       used 79437K, committed 81024K, reserved 1179648K
  class space    used 8043K, committed 8832K, reserved 1048576K
}
Event: 16187.210 GC heap before
{Heap before GC invocations=1879 (full 4):
 PSYoungGen      total 3584K, used 3264K [0x00000000d5580000, 0x00000000d5a00000, 0x0000000100000000)
  eden space 2560K, 100% used [0x00000000d5580000,0x00000000d5800000,0x00000000d5800000)
  from space 1024K, 68% used [0x00000000d5900000,0x00000000d59b0000,0x00000000d5a00000)
  to   space 1024K, 0% used [0x00000000d5800000,0x00000000d5800000,0x00000000d5900000)
 ParOldGen       total 1175040K, used 1174877K [0x0000000080000000, 0x00000000c7b80000, 0x00000000d5580000)
  object space 1175040K, 99% used [0x0000000080000000,0x00000000c7b57400,0x00000000c7b80000)
 Metaspace       used 79437K, committed 81024K, reserved 1179648K
  class space    used 8043K, committed 8832K, reserved 1048576K
}
Event: 16187.217 GC heap after
{Heap after GC invocations=1879 (full 4):
 PSYoungGen      total 3584K, used 816K [0x00000000d5580000, 0x00000000d5a80000, 0x0000000100000000)
  eden space 2560K, 0% used [0x00000000d5580000,0x00000000d5580000,0x00000000d5800000)
  from space 1024K, 79% used [0x00000000d5800000,0x00000000d58cc010,0x00000000d5900000)
  to   space 1024K, 0% used [0x00000000d5980000,0x00000000d5980000,0x00000000d5a80000)
 ParOldGen       total 1175552K, used 1175477K [0x0000000080000000, 0x00000000c7c00000, 0x00000000d5580000)
  object space 1175552K, 99% used [0x0000000080000000,0x00000000c7bed410,0x00000000c7c00000)
 Metaspace       used 79437K, committed 81024K, reserved 1179648K
  class space    used 8043K, committed 8832K, reserved 1048576K
}
Event: 16187.232 GC heap before
{Heap before GC invocations=1880 (full 4):
 PSYoungGen      total 3584K, used 3376K [0x00000000d5580000, 0x00000000d5a80000, 0x0000000100000000)
  eden space 2560K, 100% used [0x00000000d5580000,0x00000000d5800000,0x00000000d5800000)
  from space 1024K, 79% used [0x00000000d5800000,0x00000000d58cc010,0x00000000d5900000)
  to   space 1024K, 0% used [0x00000000d5980000,0x00000000d5980000,0x00000000d5a80000)
 ParOldGen       total 1175552K, used 1175477K [0x0000000080000000, 0x00000000c7c00000, 0x00000000d5580000)
  object space 1175552K, 99% used [0x0000000080000000,0x00000000c7bed410,0x00000000c7c00000)
 Metaspace       used 79438K, committed 81024K, reserved 1179648K
  class space    used 8043K, committed 8832K, reserved 1048576K
}
Event: 16187.238 GC heap after
{Heap after GC invocations=1880 (full 4):
 PSYoungGen      total 4096K, used 672K [0x00000000d5580000, 0x00000000d5a80000, 0x0000000100000000)
  eden space 3072K, 0% used [0x00000000d5580000,0x00000000d5580000,0x00000000d5880000)
  from space 1024K, 65% used [0x00000000d5980000,0x00000000d5a28000,0x00000000d5a80000)
  to   space 1024K, 0% used [0x00000000d5880000,0x00000000d5880000,0x00000000d5980000)
 ParOldGen       total 1176576K, used 1176173K [0x0000000080000000, 0x00000000c7d00000, 0x00000000d5580000)
  object space 1176576K, 99% used [0x0000000080000000,0x00000000c7c9b420,0x00000000c7d00000)
 Metaspace       used 79438K, committed 81024K, reserved 1179648K
  class space    used 8043K, committed 8832K, reserved 1048576K
}
Event: 16187.251 GC heap before
{Heap before GC invocations=1881 (full 4):
 PSYoungGen      total 4096K, used 3744K [0x00000000d5580000, 0x00000000d5a80000, 0x0000000100000000)
  eden space 3072K, 100% used [0x00000000d5580000,0x00000000d5880000,0x00000000d5880000)
  from space 1024K, 65% used [0x00000000d5980000,0x00000000d5a28000,0x00000000d5a80000)
  to   space 1024K, 0% used [0x00000000d5880000,0x00000000d5880000,0x00000000d5980000)
 ParOldGen       total 1176576K, used 1176173K [0x0000000080000000, 0x00000000c7d00000, 0x00000000d5580000)
  object space 1176576K, 99% used [0x0000000080000000,0x00000000c7c9b420,0x00000000c7d00000)
 Metaspace       used 79439K, committed 81024K, reserved 1179648K
  class space    used 8043K, committed 8832K, reserved 1048576K
}
Event: 16187.255 GC heap after
{Heap after GC invocations=1881 (full 4):
 PSYoungGen      total 4096K, used 415K [0x00000000d5580000, 0x00000000d5b80000, 0x0000000100000000)
  eden space 3072K, 0% used [0x00000000d5580000,0x00000000d5580000,0x00000000d5880000)
  from space 1024K, 40% used [0x00000000d5880000,0x00000000d58e7df0,0x00000000d5980000)
  to   space 1024K, 0% used [0x00000000d5a80000,0x00000000d5a80000,0x00000000d5b80000)
 ParOldGen       total 1177088K, used 1176709K [0x0000000080000000, 0x00000000c7d80000, 0x00000000d5580000)
  object space 1177088K, 99% used [0x0000000080000000,0x00000000c7d21430,0x00000000c7d80000)
 Metaspace       used 79439K, committed 81024K, reserved 1179648K
  class space    used 8043K, committed 8832K, reserved 1048576K
}
Event: 16187.282 GC heap before
{Heap before GC invocations=1882 (full 4):
 PSYoungGen      total 4096K, used 3487K [0x00000000d5580000, 0x00000000d5b80000, 0x0000000100000000)
  eden space 3072K, 100% used [0x00000000d5580000,0x00000000d5880000,0x00000000d5880000)
  from space 1024K, 40% used [0x00000000d5880000,0x00000000d58e7df0,0x00000000d5980000)
  to   space 1024K, 0% used [0x00000000d5a80000,0x00000000d5a80000,0x00000000d5b80000)
 ParOldGen       total 1177088K, used 1176709K [0x0000000080000000, 0x00000000c7d80000, 0x00000000d5580000)
  object space 1177088K, 99% used [0x0000000080000000,0x00000000c7d21430,0x00000000c7d80000)
 Metaspace       used 79439K, committed 81024K, reserved 1179648K
  class space    used 8043K, committed 8832K, reserved 1048576K
}
Event: 16187.286 GC heap after
{Heap after GC invocations=1882 (full 4):
 PSYoungGen      total 5120K, used 560K [0x00000000d5580000, 0x00000000d5b80000, 0x0000000100000000)
  eden space 4096K, 0% used [0x00000000d5580000,0x00000000d5580000,0x00000000d5980000)
  from space 1024K, 54% used [0x00000000d5a80000,0x00000000d5b0c2d0,0x00000000d5b80000)
  to   space 1024K, 0% used [0x00000000d5980000,0x00000000d5980000,0x00000000d5a80000)
 ParOldGen       total 1177088K, used 1176861K [0x0000000080000000, 0x00000000c7d80000, 0x00000000d5580000)
  object space 1177088K, 99% used [0x0000000080000000,0x00000000c7d47430,0x00000000c7d80000)
 Metaspace       used 79439K, committed 81024K, reserved 1179648K
  class space    used 8043K, committed 8832K, reserved 1048576K
}

